2014-01-22 10:44:52,879 INFO  [org.eclim.eclipse.AbstractEclimApplication] Workspace: /home/carryon/workspace/independent-study/cisst-d3
2014-01-22 10:44:52,898 INFO  [org.eclim.eclipse.AbstractEclimApplication] Home: /home/carryon/.eclipse/org.eclipse.platform_3.8_155965261/plugins/org.eclim_1.7.18/
2014-01-22 10:44:52,898 INFO  [org.eclim.eclipse.AbstractEclimApplication] Starting eclim...
2014-01-22 10:44:53,030 INFO  [org.eclim.eclipse.AbstractEclimApplication] Loading plugin org.eclim
2014-01-22 10:44:53,075 INFO  [org.eclim.eclipse.AbstractEclimApplication] Loading plugin org.eclim.core
2014-01-22 10:44:53,295 INFO  [org.eclim.plugin.core.CorePlugin] Loading eclim plugins...
2014-01-22 10:44:53,297 INFO  [org.eclim.plugin.core.CorePlugin] Loading plugin org.eclim.dltk
2014-01-22 10:44:53,300 INFO  [org.eclim.plugin.core.CorePlugin] Loading plugin org.eclim.wst
2014-01-22 10:44:53,319 INFO  [org.eclim.plugin.core.CorePlugin] Loading plugin org.eclim.dltkruby
2014-01-22 10:44:53,322 INFO  [org.eclim.plugin.core.CorePlugin] Loading plugin org.eclim.cdt
2014-01-22 10:44:53,325 INFO  [org.eclim.plugin.core.CorePlugin] Loading plugin org.eclim.jdt
2014-01-22 10:44:53,333 INFO  [org.eclim.plugin.core.CorePlugin] Plugins loaded.
2014-01-22 10:44:53,334 INFO  [org.eclim.eclipse.AbstractEclimApplication] Loaded plugin org.eclim.core
2014-01-22 10:44:53,335 INFO  [org.eclim.eclipse.AbstractEclimApplication] Eclim Server Started on: 127.0.0.1:9091
2014-01-22 10:56:21,809 INFO  [org.eclim.eclipse.AbstractEclimApplication] Shutting down eclim...
2014-01-22 10:56:22,438 INFO  [org.eclim.eclipse.AbstractEclimApplication] Stopping plugin org.eclim.core
2014-01-22 10:56:22,634 INFO  [org.eclim.plugin.core.CorePlugin] Stopping plugin org.eclim.dltk
2014-01-22 10:56:22,635 INFO  [org.eclim.plugin.core.CorePlugin] Stopping plugin org.eclim.wst
2014-01-22 10:56:22,636 INFO  [org.eclim.plugin.core.CorePlugin] Stopping plugin org.eclim.dltkruby
2014-01-22 10:56:22,636 INFO  [org.eclim.plugin.core.CorePlugin] Stopping plugin org.eclim.cdt
2014-01-22 10:56:22,636 INFO  [org.eclim.plugin.core.CorePlugin] Stopping plugin org.eclim.jdt
2014-01-22 10:56:22,636 INFO  [org.eclim.eclipse.AbstractEclimApplication] Clean osgi config...
2014-01-22 10:56:30,470 INFO  [org.eclim.eclipse.AbstractEclimApplication] Eclim stopped.
